
> choir-master@0.1.0 dev
> next dev -p 4000

â–² Next.js 16.1.6 (Turbopack)
- Local:         http://localhost:4000
- Network:       http://192.168.0.8:4000
- Environments: .env

âœ“ Starting...
âœ“ Ready in 821ms
 GET /reports 200 in 1513ms (compile: 1407ms, render: 106ms)
 POST /reports 200 in 26ms (compile: 6ms, render: 20ms)
 POST /reports 200 in 23ms (compile: 6ms, render: 17ms)
 GET /dashboard 200 in 405ms (compile: 371ms, render: 34ms)
âš  Cross origin request detected from 100.108.56.45 to /_next/* resource. In a future major version of Next.js, you will need to explicitly configure "allowedDevOrigins" in next.config to allow this.
Read more: https://nextjs.org/docs/app/api-reference/config/next-config-js/allowedDevOrigins
 GET /attendance/Soprano%20B+ 200 in 685ms (compile: 672ms, render: 13ms)
 GET /reports 200 in 151ms (compile: 50ms, render: 101ms)
 GET /reports 200 in 80ms (compile: 2ms, render: 78ms)
 GET /attendance/Soprano%20B+ 200 in 71ms (compile: 40ms, render: 31ms)
 GET /attendance/Soprano%20B+ 200 in 21ms (compile: 4ms, render: 17ms)
 GET /dashboard 200 in 12ms (compile: 4ms, render: 8ms)
 GET /attendance/Soprano%20B 200 in 26ms (compile: 4ms, render: 21ms)
 GET /attendance/Soprano%20B 200 in 85ms (compile: 8ms, render: 77ms)
âœ“ Compiled in 36ms
 GET /dashboard 200 in 30ms (compile: 7ms, render: 22ms)
 GET /attendance/Soprano%20A 200 in 135ms (compile: 69ms, render: 66ms)
 GET /dashboard 200 in 29ms (compile: 6ms, render: 22ms)
 GET /dashboard 200 in 31ms (compile: 7ms, render: 24ms)
 GET / 200 in 255ms (compile: 241ms, render: 14ms)
 GET /reports 200 in 37ms (compile: 8ms, render: 29ms)
 POST /reports 200 in 31ms (compile: 9ms, render: 22ms)
 POST /reports 200 in 10ms (compile: 2ms, render: 8ms)
 GET /reports?year=2026&month=3 200 in 29ms (compile: 4ms, render: 24ms)
 GET /reports?year=2026&month=2 200 in 29ms (compile: 4ms, render: 25ms)
 GET /reports 200 in 107ms (compile: 52ms, render: 55ms)
 GET /reports 200 in 35ms (compile: 3ms, render: 33ms)
 GET /reports?year=2026&month=2 200 in 18ms (compile: 1170Âµs, render: 17ms)
 GET /reports?year=2026&month=2 200 in 11ms (compile: 1281Âµs, render: 10ms)
âœ“ Compiled in 0ms
 GET /reports?year=2026&month=1 200 in 41ms (compile: 10ms, render: 31ms)
 GET /reports?year=2025&month=12 200 in 30ms (compile: 6ms, render: 24ms)
âœ“ Compiled in 51ms
 GET /reports?year=2026&month=3 200 in 26ms (compile: 8ms, render: 18ms)
 GET /reports 200 in 22ms (compile: 4ms, render: 18ms)
âœ“ Compiled in 75ms
 GET / 200 in 18ms (compile: 3ms, render: 14ms)
 GET / 200 in 23ms (compile: 2ms, render: 21ms)
âœ“ Compiled in 30ms
 GET /reports 200 in 40ms (compile: 7ms, render: 33ms)
 GET /reports 200 in 106ms (compile: 62ms, render: 44ms)
 GET /reports 200 in 23ms (compile: 1784Âµs, render: 21ms)
 GET /reports 200 in 110ms (compile: 3ms, render: 107ms)
 GET / 200 in 34ms (compile: 7ms, render: 28ms)
 GET / 200 in 32ms (compile: 2ms, render: 29ms)
 GET /dashboard 200 in 33ms (compile: 12ms, render: 21ms)
 GET /attendance/Soprano%20A 200 in 183ms (compile: 167ms, render: 16ms)
âœ“ Compiled in 48ms
 GET /reports 200 in 28ms (compile: 3ms, render: 25ms)
âœ“ Compiled in 39ms
 GET /attendance/Soprano%20A 200 in 87ms (compile: 70ms, render: 17ms)
âœ“ Compiled in 27ms
âœ“ Compiled in 87ms
âœ“ Compiled in 39ms
âœ“ Compiled in 48ms
âœ“ Compiled in 23ms
 POST /attendance/Soprano%20A 200 in 100ms (compile: 75ms, render: 25ms)
 POST /attendance/Soprano%20A 200 in 4ms (compile: 1199Âµs, render: 3ms)
 GET /dashboard 200 in 33ms (compile: 10ms, render: 23ms)
 GET /attendance/Soprano%20A 200 in 22ms (compile: 8ms, render: 15ms)
 POST /attendance/Soprano%20A 200 in 17ms (compile: 6ms, render: 10ms)
 POST /attendance/Soprano%20A 200 in 6ms (compile: 2ms, render: 4ms)
 GET / 200 in 46ms (compile: 9ms, render: 37ms)
 GET /dashboard 200 in 34ms (compile: 9ms, render: 26ms)
 GET /attendance/Soprano%20A 200 in 20ms (compile: 7ms, render: 13ms)
 POST /attendance/Soprano%20A 200 in 19ms (compile: 9ms, render: 10ms)
 POST /attendance/Soprano%20A 200 in 7ms (compile: 1980Âµs, render: 5ms)
 GET /attendance/Soprano%20A 200 in 87ms (compile: 7ms, render: 80ms)
 POST /attendance/Soprano%20A 200 in 20ms (compile: 10ms, render: 10ms)
 POST /attendance/Soprano%20A 200 in 5ms (compile: 1183Âµs, render: 4ms)
 GET /attendance/Soprano%20A 200 in 41ms (compile: 8ms, render: 33ms)
 POST /attendance/Soprano%20A 200 in 16ms (compile: 7ms, render: 9ms)
 POST /attendance/Soprano%20A 200 in 5ms (compile: 1699Âµs, render: 4ms)
 GET /attendance/Soprano%20A 200 in 44ms (compile: 8ms, render: 36ms)
âœ“ Compiled in 37ms
 POST /attendance/Soprano%20A 200 in 113ms (compile: 92ms, render: 21ms)
 POST /attendance/Soprano%20A 200 in 8ms (compile: 1956Âµs, render: 6ms)
 POST /attendance/Soprano%20A 200 in 14ms (compile: 7ms, render: 8ms)
 POST /attendance/Soprano%20A 200 in 4ms (compile: 939Âµs, render: 3ms)
 GET /dashboard 200 in 20ms (compile: 5ms, render: 15ms)
 GET /dashboard 200 in 51ms (compile: 7ms, render: 44ms)
 GET /attendance/Soprano%20A 200 in 32ms (compile: 11ms, render: 21ms)
 POST /attendance/Soprano%20A 200 in 17ms (compile: 7ms, render: 10ms)
 POST /attendance/Soprano%20A 200 in 4ms (compile: 870Âµs, render: 3ms)
 GET /attendance/Alto%20B 200 in 32ms (compile: 12ms, render: 20ms)
âœ“ Compiled in 58ms
 POST /attendance/Alto%20B 200 in 105ms (compile: 88ms, render: 16ms)
 POST /attendance/Alto%20B 200 in 4ms (compile: 1130Âµs, render: 3ms)
 GET /attendance/Alto%20B 200 in 97ms (compile: 13ms, render: 84ms)
 POST /attendance/Alto%20B 200 in 16ms (compile: 6ms, render: 9ms)
 POST /attendance/Alto%20B 200 in 7ms (compile: 2ms, render: 5ms)
âœ“ Compiled in 34ms
Warning: a dynamic page path "/attendance/[part]" was passed to "revalidatePath", but the "type" parameter is missing. This has no effect by default, see more info here https://nextjs.org/docs/app/api-reference/functions/revalidatePath
 POST /attendance/Alto%20B 200 in 124ms (compile: 89ms, render: 34ms)
Warning: a dynamic page path "/attendance/[part]" was passed to "revalidatePath", but the "type" parameter is missing. This has no effect by default, see more info here https://nextjs.org/docs/app/api-reference/functions/revalidatePath
 POST /attendance/Alto%20B 200 in 17ms (compile: 928Âµs, render: 16ms)
Warning: a dynamic page path "/attendance/[part]" was passed to "revalidatePath", but the "type" parameter is missing. This has no effect by default, see more info here https://nextjs.org/docs/app/api-reference/functions/revalidatePath
 POST /attendance/Alto%20B 200 in 36ms (compile: 7ms, render: 29ms)
 POST /attendance/Alto%20B 200 in 13ms (compile: 5ms, render: 8ms)
 POST /attendance/Alto%20B 200 in 4ms (compile: 1027Âµs, render: 3ms)
Warning: a dynamic page path "/attendance/[part]" was passed to "revalidatePath", but the "type" parameter is missing. This has no effect by default, see more info here https://nextjs.org/docs/app/api-reference/functions/revalidatePath
 POST /attendance/Alto%20B 200 in 43ms (compile: 13ms, render: 30ms)
Warning: a dynamic page path "/attendance/[part]" was passed to "revalidatePath", but the "type" parameter is missing. This has no effect by default, see more info here https://nextjs.org/docs/app/api-reference/functions/revalidatePath
 POST /attendance/Alto%20B 200 in 17ms (compile: 876Âµs, render: 16ms)
Warning: a dynamic page path "/attendance/[part]" was passed to "revalidatePath", but the "type" parameter is missing. This has no effect by default, see more info here https://nextjs.org/docs/app/api-reference/functions/revalidatePath
 POST /attendance/Alto%20B 200 in 37ms (compile: 6ms, render: 31ms)
Warning: a dynamic page path "/attendance/[part]" was passed to "revalidatePath", but the "type" parameter is missing. This has no effect by default, see more info here https://nextjs.org/docs/app/api-reference/functions/revalidatePath
 POST /attendance/Alto%20B 200 in 37ms (compile: 6ms, render: 30ms)
Warning: a dynamic page path "/attendance/[part]" was passed to "revalidatePath", but the "type" parameter is missing. This has no effect by default, see more info here https://nextjs.org/docs/app/api-reference/functions/revalidatePath
 POST /attendance/Alto%20B 200 in 30ms (compile: 5ms, render: 24ms)
Warning: a dynamic page path "/attendance/[part]" was passed to "revalidatePath", but the "type" parameter is missing. This has no effect by default, see more info here https://nextjs.org/docs/app/api-reference/functions/revalidatePath
 POST /attendance/Alto%20B 200 in 24ms (compile: 3ms, render: 21ms)
Warning: a dynamic page path "/attendance/[part]" was passed to "revalidatePath", but the "type" parameter is missing. This has no effect by default, see more info here https://nextjs.org/docs/app/api-reference/functions/revalidatePath
 POST /attendance/Alto%20B 200 in 37ms (compile: 7ms, render: 30ms)
Warning: a dynamic page path "/attendance/[part]" was passed to "revalidatePath", but the "type" parameter is missing. This has no effect by default, see more info here https://nextjs.org/docs/app/api-reference/functions/revalidatePath
 POST /attendance/Alto%20B 200 in 34ms (compile: 7ms, render: 28ms)
Warning: a dynamic page path "/attendance/[part]" was passed to "revalidatePath", but the "type" parameter is missing. This has no effect by default, see more info here https://nextjs.org/docs/app/api-reference/functions/revalidatePath
 POST /attendance/Alto%20B 200 in 32ms (compile: 6ms, render: 26ms)
Warning: a dynamic page path "/attendance/[part]" was passed to "revalidatePath", but the "type" parameter is missing. This has no effect by default, see more info here https://nextjs.org/docs/app/api-reference/functions/revalidatePath
 POST /attendance/Alto%20B 200 in 40ms (compile: 9ms, render: 30ms)
âœ“ Compiled in 65ms
 POST /attendance/Alto%20B 200 in 60ms (compile: 47ms, render: 13ms)
 POST /attendance/Alto%20B 200 in 4ms (compile: 1273Âµs, render: 3ms)
 POST /attendance/Alto%20B 200 in 15ms (compile: 8ms, render: 7ms)
 POST /attendance/Alto%20B 200 in 5ms (compile: 1091Âµs, render: 3ms)
âœ“ Compiled in 36ms
 GET /attendance/Soprano%20A 200 in 101ms (compile: 73ms, render: 27ms)
 GET /attendance/Alto%20B 200 in 10ms (compile: 880Âµs, render: 9ms)
âœ“ Compiled in 0ms
 GET /dashboard 200 in 32ms (compile: 8ms, render: 23ms)
âœ“ Compiled in 35ms
 GET /attendance/Tenor 200 in 84ms (compile: 69ms, render: 15ms)
 POST /attendance/Tenor 200 in 26ms (compile: 6ms, render: 20ms)
 POST /attendance/Tenor 200 in 4ms (compile: 896Âµs, render: 3ms)
âœ“ Compiled in 36ms
âœ“ Compiled in 44ms
 POST /attendance/Tenor 200 in 94ms (compile: 77ms, render: 17ms)
âœ“ Compiled in 160ms
 GET /attendance/Soprano%20A 200 in 139ms (compile: 72ms, render: 67ms)
 GET /attendance/Tenor 200 in 31ms (compile: 1626Âµs, render: 29ms)
 GET /attendance/Tenor 200 in 30ms (compile: 14ms, render: 16ms)
 GET /attendance/Soprano%20A 200 in 18ms (compile: 9ms, render: 9ms)
âœ“ Compiled in 0ms
 POST /attendance/Tenor 200 in 19ms (compile: 5ms, render: 14ms)
 POST /attendance/Tenor 200 in 3ms (compile: 849Âµs, render: 2ms)
 GET /attendance/Soprano%20A 200 in 84ms (compile: 8ms, render: 76ms)
 POST /attendance/Soprano%20A 200 in 23ms (compile: 9ms, render: 15ms)
 POST /attendance/Soprano%20A 200 in 15ms (compile: 3ms, render: 13ms)
 GET /attendance/Tenor 200 in 45ms (compile: 11ms, render: 33ms)
 POST /attendance/Tenor 200 in 14ms (compile: 6ms, render: 8ms)
 POST /attendance/Tenor 200 in 6ms (compile: 1563Âµs, render: 4ms)
âœ“ Compiled in 44ms
 GET /attendance/Soprano%20A 200 in 115ms (compile: 86ms, render: 28ms)
 GET /attendance/Tenor 200 in 11ms (compile: 1181Âµs, render: 9ms)
âœ“ Compiled in 41ms
âœ“ Compiled in 34ms
 POST /attendance/Soprano%20A 200 in 126ms (compile: 103ms, render: 23ms)
 GET /attendance/Soprano%20A 200 in 94ms (compile: 68ms, render: 26ms)
 GET /attendance/Tenor 200 in 20ms (compile: 874Âµs, render: 19ms)
âœ“ Compiled in 46ms
 GET /attendance/Soprano%20A 200 in 221ms (compile: 186ms, render: 35ms)
 GET /attendance/Tenor 200 in 166ms (compile: 150ms, render: 17ms)
âœ“ Compiled in 29ms
âš  Fast Refresh had to perform a full reload due to a runtime error.
âœ“ Compiled in 0ms
 GET /attendance/Soprano%20A 200 in 238ms (compile: 108ms, render: 130ms)
 GET /attendance/Tenor 200 in 52ms (compile: 4ms, render: 48ms)
âœ“ Compiled in 42ms
 GET /attendance/Tenor 200 in 181ms (compile: 113ms, render: 67ms)
 GET /dashboard 200 in 24ms (compile: 12ms, render: 13ms)
 GET /attendance/Soprano%20A 200 in 26ms (compile: 7ms, render: 20ms)
 POST /attendance/Soprano%20A 200 in 37ms (compile: 6ms, render: 31ms)
 POST /attendance/Soprano%20A 200 in 7ms (compile: 1832Âµs, render: 5ms)
âœ“ Compiled in 40ms
 POST /attendance/Soprano%20A 200 in 114ms (compile: 95ms, render: 18ms)
 POST /attendance/Soprano%20A 200 in 4ms (compile: 980Âµs, render: 3ms)
 POST /attendance/Soprano%20A 200 in 18ms (compile: 7ms, render: 12ms)
 POST /attendance/Soprano%20A 200 in 7ms (compile: 1852Âµs, render: 5ms)
Warning: a dynamic page path "/attendance/[part]" was passed to "revalidatePath", but the "type" parameter is missing. This has no effect by default, see more info here https://nextjs.org/docs/app/api-reference/functions/revalidatePath
 POST /attendance/Soprano%20A 200 in 55ms (compile: 12ms, render: 43ms)
 POST /attendance/Soprano%20A 200 in 19ms (compile: 9ms, render: 9ms)
 POST /attendance/Soprano%20A 200 in 18ms (compile: 8ms, render: 10ms)
 POST /attendance/Soprano%20A 200 in 6ms (compile: 1422Âµs, render: 5ms)
âœ“ Compiled in 54ms
 GET /attendance/Soprano%20A 200 in 172ms (compile: 94ms, render: 79ms)
 POST /attendance/Soprano%20A 200 in 33ms (compile: 8ms, render: 25ms)
 POST /attendance/Soprano%20A 200 in 5ms (compile: 966Âµs, render: 4ms)
 GET /attendance/Soprano%20A 200 in 49ms (compile: 12ms, render: 38ms)
 POST /attendance/Soprano%20A 200 in 18ms (compile: 7ms, render: 11ms)
 POST /attendance/Soprano%20A 200 in 5ms (compile: 1161Âµs, render: 4ms)
 GET /attendance/Soprano%20A 200 in 55ms (compile: 10ms, render: 46ms)
 POST /attendance/Soprano%20A 200 in 19ms (compile: 8ms, render: 11ms)
 POST /attendance/Soprano%20A 200 in 8ms (compile: 1681Âµs, render: 6ms)
âœ“ Compiled in 54ms
âœ“ Compiled in 34ms
 GET /attendance/Soprano%20A 200 in 161ms (compile: 98ms, render: 63ms)
 POST /attendance/Soprano%20A 200 in 16ms (compile: 3ms, render: 13ms)
 POST /attendance/Soprano%20A 200 in 5ms (compile: 1253Âµs, render: 4ms)
 GET /attendance/Soprano%20A 200 in 34ms (compile: 6ms, render: 29ms)
 POST /attendance/Soprano%20A 200 in 16ms (compile: 6ms, render: 10ms)
 POST /attendance/Soprano%20A 200 in 6ms (compile: 1766Âµs, render: 4ms)
 GET /attendance/Soprano%20A 200 in 49ms (compile: 13ms, render: 36ms)
âœ“ Compiled in 44ms
 POST /attendance/Soprano%20A 200 in 83ms (compile: 71ms, render: 12ms)
 POST /attendance/Soprano%20A 200 in 4ms (compile: 1226Âµs, render: 3ms)
âœ“ Compiled in 38ms
 GET /dashboard 200 in 46ms (compile: 25ms, render: 21ms)
 GET /attendance/Alto%20A 200 in 97ms (compile: 84ms, render: 13ms)
 POST /attendance/Alto%20A 200 in 13ms (compile: 2ms, render: 11ms)
 POST /attendance/Alto%20A 200 in 4ms (compile: 888Âµs, render: 3ms)
 GET /attendance/Soprano%20A 200 in 107ms (compile: 8ms, render: 99ms)
 POST /attendance/Soprano%20A 200 in 21ms (compile: 9ms, render: 12ms)
 POST /attendance/Soprano%20A 200 in 10ms (compile: 3ms, render: 7ms)
 GET /attendance/Alto%20A 200 in 55ms (compile: 12ms, render: 43ms)
 POST /attendance/Alto%20A 200 in 16ms (compile: 7ms, render: 9ms)
 POST /attendance/Alto%20A 200 in 6ms (compile: 1903Âµs, render: 4ms)
 GET /attendance/Alto%20A 200 in 50ms (compile: 11ms, render: 39ms)
 POST /attendance/Alto%20A 200 in 21ms (compile: 14ms, render: 7ms)
 POST /attendance/Alto%20A 200 in 5ms (compile: 947Âµs, render: 4ms)
âœ“ Compiled in 56ms
âœ“ Compiled in 31ms
 GET /attendance/Alto%20A 200 in 149ms (compile: 83ms, render: 67ms)
 POST /attendance/Alto%20A 200 in 29ms (compile: 7ms, render: 22ms)
 POST /attendance/Alto%20A 200 in 4ms (compile: 875Âµs, render: 3ms)
âœ“ Compiled in 34ms
âœ“ Compiled in 37ms
 GET /attendance/Alto%20A 200 in 173ms (compile: 106ms, render: 67ms)
 POST /attendance/Alto%20A 200 in 17ms (compile: 4ms, render: 13ms)
 POST /attendance/Alto%20A 200 in 8ms (compile: 1047Âµs, render: 7ms)
 GET /attendance/Soprano%20A 200 in 46ms (compile: 11ms, render: 35ms)
 GET /attendance/Alto%20A 200 in 29ms (compile: 3ms, render: 26ms)
 GET /apple-touch-icon.png 404 in 343ms (compile: 314ms, render: 29ms)
 GET /apple-touch-icon-precomposed.png 404 in 352ms (compile: 329ms, render: 23ms)
 POST /attendance/Soprano%20A 200 in 17ms (compile: 4ms, render: 13ms)
 POST /attendance/Soprano%20A 200 in 8ms (compile: 1925Âµs, render: 6ms)
 GET /attendance/Alto%20A 200 in 55ms (compile: 8ms, render: 47ms)
 GET /attendance/Soprano%20A 200 in 52ms (compile: 12ms, render: 40ms)
 POST /attendance/Soprano%20A 200 in 22ms (compile: 9ms, render: 13ms)
 POST /attendance/Soprano%20A 200 in 7ms (compile: 1815Âµs, render: 5ms)
 POST /attendance/Soprano%20A 200 in 32ms (compile: 19ms, render: 13ms)
 POST /attendance/Soprano%20A 200 in 7ms (compile: 1238Âµs, render: 5ms)
âœ“ Compiled in 104ms
Warning: a dynamic page path "/attendance/[part]" was passed to "revalidatePath", but the "type" parameter is missing. This has no effect by default, see more info here https://nextjs.org/docs/app/api-reference/functions/revalidatePath
 POST /attendance/Soprano%20A 200 in 91ms (compile: 58ms, render: 33ms)
 POST /attendance/Soprano%20A 200 in 17ms (compile: 5ms, render: 13ms)
 POST /attendance/Soprano%20A 200 in 17ms (compile: 11ms, render: 6ms)
 POST /attendance/Soprano%20A 200 in 7ms (compile: 1926Âµs, render: 5ms)
Warning: a dynamic page path "/attendance/[part]" was passed to "revalidatePath", but the "type" parameter is missing. This has no effect by default, see more info here https://nextjs.org/docs/app/api-reference/functions/revalidatePath
 POST /attendance/Soprano%20A 200 in 37ms (compile: 6ms, render: 31ms)
 POST /attendance/Soprano%20A 200 in 15ms (compile: 7ms, render: 8ms)
 GET /attendance/Soprano%20A 200 in 84ms (compile: 7ms, render: 77ms)
 GET /attendance/Soprano%20A 200 in 41ms (compile: 10ms, render: 31ms)
 GET /attendance/Soprano%20A 200 in 56ms (compile: 7ms, render: 49ms)
 GET /attendance/Soprano%20A 200 in 41ms (compile: 8ms, render: 34ms)
 POST /attendance/Soprano%20A 200 in 27ms (compile: 16ms, render: 11ms)
 POST /attendance/Soprano%20A 200 in 6ms (compile: 1118Âµs, render: 5ms)
Warning: a dynamic page path "/attendance/[part]" was passed to "revalidatePath", but the "type" parameter is missing. This has no effect by default, see more info here https://nextjs.org/docs/app/api-reference/functions/revalidatePath
 POST /attendance/Soprano%20A 200 in 42ms (compile: 9ms, render: 33ms)
 POST /attendance/Soprano%20A 200 in 19ms (compile: 8ms, render: 11ms)
 POST /attendance/Alto%20A 200 in 25ms (compile: 13ms, render: 12ms)
 POST /attendance/Alto%20A 200 in 6ms (compile: 1616Âµs, render: 5ms)
 GET / 200 in 55ms (compile: 20ms, render: 35ms)
 GET /reports 200 in 119ms (compile: 96ms, render: 23ms)
âœ“ Compiled in 39ms
âœ“ Compiled in 33ms
âœ“ Compiled in 47ms
 GET /reports 200 in 183ms (compile: 15ms, render: 169ms)
âœ“ Compiled in 86ms
âœ“ Compiled in 109ms
 GET /attendance/Soprano%20A 200 in 108ms (compile: 75ms, render: 32ms)
 GET /reports 200 in 14ms (compile: 2ms, render: 11ms)
 POST /reports 200 in 36ms (compile: 11ms, render: 25ms)
 POST /reports 200 in 19ms (compile: 3ms, render: 17ms)
 GET /reports?year=2026&month=1 200 in 40ms (compile: 12ms, render: 28ms)
 GET /dashboard 200 in 410ms (compile: 387ms, render: 22ms)
â¨¯ Error [PrismaClientValidationError]: 
Invalid `prisma.notice.create()` invocation in
/Volumes/Lemon SSD/antigravity_scratch/choir-master/.next/dev/server/chunks/ssr/_6f715114._.js:33:40

  30 if (!data.title || !data.content) {
  31     throw new Error("Title and Content are required");
  32 }
â†’ 33 const notice = await prisma.notice.create({
       data: {
         title: "ì¶œì„ë¶€ ìŠˆí¼ì—…ê·¸ë ˆì´ë“œ",
         content: "ìƒˆë¡­ê²Œ ê°ˆë³´ë¦¬ì¶œì„ë¶€ë¥¼ ì—…ë°ì´íŠ¸í•˜ê³  ìˆìŠµë‹ˆë‹¤.\nì•„ë˜ë§í¬ëŠ” ì„¤ë¬¸ì¡°ì‚¬ ë§í¬ë“±ì„ ë„£ì„ ìˆ˜ ìˆìŠµë‹ˆë‹¤.",
         category: "NOTICE",
         ~~~~~~~~
         link: null,
     ?   createdAt?: DateTime,
     ?   authorId?: Int | Null
       }
     })

Unknown argument `category`. Available options are marked with ?.
    at <unknown> (src/actions/notices.ts:27:40)
    at async createNotice (src/actions/notices.ts:27:20)
  25 |     }
  26 |
> 27 |     const notice = await prisma.notice.create({
     |                                        ^
  28 |         data: {
  29 |             title: data.title,
  30 |             content: data.content, {
  clientVersion: '6.19.2',
  digest: '498185020'
}
 POST /dashboard 500 in 312ms (compile: 16ms, render: 296ms)
â¨¯ Error [PrismaClientValidationError]: 
Invalid `prisma.notice.create()` invocation in
/Volumes/Lemon SSD/antigravity_scratch/choir-master/.next/dev/server/chunks/ssr/_6f715114._.js:33:40

  30 if (!data.title || !data.content) {
  31     throw new Error("Title and Content are required");
  32 }
â†’ 33 const notice = await prisma.notice.create({
       data: {
         title: "ì¶œì„ë¶€ ìŠˆí¼ì—…ê·¸ë ˆì´ë“œ",
         content: "ìƒˆë¡­ê²Œ ê°ˆë³´ë¦¬ì¶œì„ë¶€ë¥¼ ì—…ë°ì´íŠ¸í•˜ê³  ìˆìŠµë‹ˆë‹¤.\nì•„ë˜ë§í¬ëŠ” ì„¤ë¬¸ì¡°ì‚¬ ë§í¬ë“±ì„ ë„£ì„ ìˆ˜ ìˆìŠµë‹ˆë‹¤.",
         category: "NOTICE",
         ~~~~~~~~
         link: null,
     ?   createdAt?: DateTime,
     ?   authorId?: Int | Null
       }
     })

Unknown argument `category`. Available options are marked with ?.
    at <unknown> (src/actions/notices.ts:27:40)
    at async createNotice (src/actions/notices.ts:27:20)
  25 |     }
  26 |
> 27 |     const notice = await prisma.notice.create({
     |                                        ^
  28 |         data: {
  29 |             title: data.title,
  30 |             content: data.content, {
  clientVersion: '6.19.2',
  digest: '498185020'
}
 POST /dashboard 500 in 174ms (compile: 5ms, render: 169ms)
 GET /attendance/Alto%20A 200 in 99ms (compile: 13ms, render: 87ms)
 GET /attendance/Alto%20A 200 in 19ms (compile: 1795Âµs, render: 17ms)
 GET /dashboard 200 in 99ms (compile: 59ms, render: 40ms)
âœ“ Compiled in 0ms
 GET / 200 in 35ms (compile: 16ms, render: 19ms)
 GET / 200 in 31ms (compile: 3ms, render: 28ms)
 GET /dashboard 200 in 18ms (compile: 2ms, render: 15ms)
 GET /dashboard 200 in 93ms (compile: 9ms, render: 83ms)
â¨¯ Error [PrismaClientValidationError]: 
Invalid `{imported module ./src/lib/prisma.ts}["default"].notice.create()` invocation in
/Volumes/Lemon SSD/antigravity_scratch/choir-master/.next/dev/server/chunks/ssr/_f253d26c._.js:48:161

  45 if (!data.title || !data.content) {
  46     throw new Error("Title and Content are required");
  47 }
â†’ 48 const notice = await {imported module ./src/lib/prisma.ts}["default"].notice.create({
       data: {
         title: "ì¶œì„ë¶€ ìŠˆí¼ì—…ê·¸ë ˆì´ë“œ",
         content: "ìƒˆë¡­ê²Œ ê°ˆë³´ë¦¬ì¶œì„ë¶€ë¥¼ ì—…ë°ì´íŠ¸í•˜ê³  ìˆìŠµë‹ˆë‹¤.\nì•„ë˜ë§í¬ëŠ” ì„¤ë¬¸ì¡°ì‚¬ ë§í¬ë“±ì„ ë„£ì„ ìˆ˜ ìˆìŠµë‹ˆë‹¤.",
         category: "NOTICE",
         ~~~~~~~~
         link: null,
     ?   createdAt?: DateTime,
     ?   authorId?: Int | Null
       }
     })

Unknown argument `category`. Available options are marked with ?.
    at <unknown> (src/actions/notices.ts:25:40)
    at async createNotice (src/actions/notices.ts:25:20)
  23 |     }
  24 |
> 25 |     const notice = await prisma.notice.create({
     |                                        ^
  26 |         data: {
  27 |             title: data.title,
  28 |             content: data.content, {
  clientVersion: '6.19.2',
  digest: '3345326870'
}
 POST /dashboard 500 in 228ms (compile: 4ms, render: 224ms)
 GET /dashboard 200 in 24ms (compile: 3ms, render: 22ms)
â¨¯ Error [PrismaClientValidationError]: 
Invalid `{imported module ./src/lib/prisma.ts}["default"].notice.create()` invocation in
/Volumes/Lemon SSD/antigravity_scratch/choir-master/.next/dev/server/chunks/ssr/_f253d26c._.js:48:161

  45 if (!data.title || !data.content) {
  46     throw new Error("Title and Content are required");
  47 }
â†’ 48 const notice = await {imported module ./src/lib/prisma.ts}["default"].notice.create({
       data: {
         title: "ì¶œì„ë¶€ ìŠˆí¼ ì—…ê·¸ë ˆì´ë“œ",
         content: "ê°ˆë³´ë¦¬ ì°¬ì–‘ëŒ€ ì¶œì„ë¶€ì•±ì„ ëŒ€í­ í–¥ìƒì‹œì¼°ìŠµë‹ˆë‹¤.\nì¶œì„ë¶€ì´ì™¸ì˜ ë‹¤ì–‘í•œ ê¸°ëŠ¥ì„ ë„£ì—ˆìŠµë‹ˆë‹¤.\nì•„ë˜ì˜ ë§í¬ì—ëŠ” ì„¤ë¬¸ì¡°ì‚¬ë“±ì„ ë„£ì„ ìˆ˜ ìˆìŠµë‹ˆë‹¤.",
         category: "NOTICE",
         ~~~~~~~~
         link: null,
     ?   createdAt?: DateTime,
     ?   authorId?: Int | Null
       }
     })

Unknown argument `category`. Available options are marked with ?.
    at <unknown> (src/actions/notices.ts:25:40)
    at async createNotice (src/actions/notices.ts:25:20)
  23 |     }
  24 |
> 25 |     const notice = await prisma.notice.create({
     |                                        ^
  26 |         data: {
  27 |             title: data.title,
  28 |             content: data.content, {
  clientVersion: '6.19.2',
  digest: '2000633270'
}
 POST /dashboard 500 in 191ms (compile: 14ms, render: 177ms)
âœ“ Compiled in 42ms
 GET /attendance/Soprano%20A 200 in 42ms (compile: 16ms, render: 26ms)
 GET /dashboard 200 in 156ms (compile: 90ms, render: 65ms)
 GET /dashboard 200 in 44ms (compile: 4ms, render: 39ms)
â¨¯ Error [PrismaClientValidationError]: 
Invalid `{imported module ./src/lib/prisma.ts}["default"].notice.create()` invocation in
/Volumes/Lemon SSD/antigravity_scratch/choir-master/.next/dev/server/chunks/ssr/_f253d26c._.js:48:161

  45 if (!data.title || !data.content) {
  46     throw new Error("Title and Content are required");
  47 }
â†’ 48 const notice = await {imported module ./src/lib/prisma.ts}["default"].notice.create({
       data: {
         title: "ê³µì§€ì‚¬í•­ í…ŒìŠ¤íŠ¸",
         content: "ê°ˆë³´ë¦¬ì°¬ì–‘ëŒ€ ì¶œì„ë¶€ ì•±ì…ë‹ˆë‹¤.",
         category: "NOTICE",
         ~~~~~~~~
         link: null,
     ?   createdAt?: DateTime,
     ?   authorId?: Int | Null
       }
     })

Unknown argument `category`. Available options are marked with ?.
    at <unknown> (src/actions/notices.ts:25:40)
    at async createNotice (src/actions/notices.ts:25:20)
  23 |     }
  24 |
> 25 |     const notice = await prisma.notice.create({
     |                                        ^
  26 |         data: {
  27 |             title: data.title,
  28 |             content: data.content, {
  clientVersion: '6.19.2',
  digest: '3744223926'
}
 POST /dashboard 500 in 191ms (compile: 6ms, render: 185ms)
[?25h
